<?xml version="1.0" encoding="UTF-8"?>
<!-- Generated by org.testng.reporters.JUnitXMLReporter -->
<testsuite hostname="sreekarj" name="header Test" tests="6" failures="1" timestamp="22 Sep 2014 10:17:08 GMT" time="621.032" errors="0">
  <testcase name="targetfooter" time="53.368" classname="tests.footerTest"/>
  <testcase name="targetHeader" time="198.614" classname="tests.headerTest"/>
  <testcase name="login" time="62.743" classname="tests.registerloginTest"/>
  <testcase name="register" time="37.915" classname="tests.registerloginTest">
    <failure type="java.lang.AssertionError" message="firstname field not found">
      <![CDATA[java.lang.AssertionError: firstname field not found
	at tests.registerloginTest.register(registerloginTest.java:33)
... Removed 24 stack frames]]>
    </failure>
  </testcase> <!-- register -->
  <testcase name="searchIpod" time="89.494" classname="tests.searchitemTest"/>
  <testcase name="targetSharelinks" time="113.939" classname="tests.sharelinksTest"/>
</testsuite> <!-- header Test -->
