<?xml version="1.0" encoding="UTF-8"?>
<testng-results skipped="0" failed="1" total="6" passed="5">
  <reporter-output>
    <line>
      <![CDATA[The size of Footer list is:6]]>
    </line>
    <line>
      <![CDATA[current url is: http://www.target.com/#30#?lnk=fnav_t_spc_2_3&intc=28073|null]]>
    </line>
    <line>
      <![CDATA[This footerlinks navigated to the correct site]]>
    </line>
    <line>
      <![CDATA[current url is: http://www.target.com/#31#?lnk=fnav_t_spc_2_4&intc=28073|null]]>
    </line>
    <line>
      <![CDATA[This footerlinks navigated to the correct site]]>
    </line>
    <line>
      <![CDATA[current url is: http://www.target.com/#32#?lnk=fnav_t_spc_2_5&intc=28073|null]]>
    </line>
    <line>
      <![CDATA[This footerlinks navigated to the correct site]]>
    </line>
    <line>
      <![CDATA[current url is: http://www.target.com/#33#?lnk=fnav_t_spc_2_6&intc=28073|null]]>
    </line>
    <line>
      <![CDATA[This footerlinks navigated to the correct site]]>
    </line>
    <line>
      <![CDATA[current url is: http://help.target.com/help/subcategoryarticle?childcat=CA+Transparency+in+Supply+Chains+Act&parentcat=Compliance#&lnk=fnav_t_spc_2_7&intc=28073|null]]>
    </line>
    <line>
      <![CDATA[This footerlinks navigated to the correct site]]>
    </line>
    <line>
      <![CDATA[current url is: http://help.target.com/help/subcategoryarticle?childcat=CA+Transparency+in+Supply+Chains+Act&parentcat=Compliance#&lnk=fnav_t_spc_2_7&intc=28073|null]]>
    </line>
    <line>
      <![CDATA[this footer links naviagted to wrong site]]>
    </line>
    <line>
      <![CDATA[The size of header list is:7]]>
    </line>
    <line>
      <![CDATA[The current url of the clicked header link is:https://www-secure.target.com/EverestLoginView?langId=-1&storeId=10151&catalogId=10051&lnk=gnav_signin]]>
    </line>
    <line>
      <![CDATA[The current url of the clicked header link is:http://www.target.com/store-locator/find-stores#?lnk=gnav_findastore]]>
    </line>
    <line>
      <![CDATA[The current url of the clicked header link is:http://weeklyad.target.com/minneapolis-mn-55403/homepage#?lnk=gnav_weeklyad]]>
    </line>
    <line>
      <![CDATA[The current url of the clicked header link is:http://www.target.com/c/giftcards/-/N-5xsxu#?lnk=gnav_giftcards]]>
    </line>
    <line>
      <![CDATA[The current url of the clicked header link is:http://www.target.com/np/registry/-/N-56cy8#?lnk=gnav_registries]]>
    </line>
    <line>
      <![CDATA[The current url of the clicked header link is:http://www.target.com/np/target-list-portal/-/N-55z0c?registryType=L&placementAreas=1&placementType_0=home_page.right_rail_1&pageType=home_page&lnk=gnav_targetlists]]>
    </line>
    <line>
      <![CDATA[Searching open red card links  found]]>
    </line>
    <line>
      <![CDATA[login successfull with credentials of Sree]]>
    </line>
    <line>
      <![CDATA[The ipodlist1 in page one size is: 60]]>
    </line>
    <line>
      <![CDATA[Apple iPod Touch 32GB MP3 Player (5th Generation)-... contains ipod]]>
    </line>
    <line>
      <![CDATA[Apple iPod touch 32GB MP3 Player (5th Generation)-... contains ipod]]>
    </line>
    <line>
      <![CDATA[Apple iPod shuffle 2GB MP3 Player - Space Gray... contains ipod]]>
    </line>
    <line>
      <![CDATA[Apple iPod Touch 32GB MP3 Player (5th Generation)-... contains ipod]]>
    </line>
    <line>
      <![CDATA[Apple iPod shuffle 2GB MP3 Player - Blue (MD775LL/A) contains ipod]]>
    </line>
    <line>
      <![CDATA[Apple iPod nano 16GB (7th Generation)with... contains ipod]]>
    </line>
    <line>
      <![CDATA[Apple iPod shuffle 2GB MP3 Player - Silver... contains ipod]]>
    </line>
    <line>
      <![CDATA[Apple iPod Touch 32GB MP3 Player (5th Generation)-... contains ipod]]>
    </line>
    <line>
      <![CDATA[Apple iPod Nano 16GB (7th Generation)with... contains ipod]]>
    </line>
    <line>
      <![CDATA[Apple iPod shuffle 2GB MP3 Player - Purple... contains ipod]]>
    </line>
    <line>
      <![CDATA[Apple iPod Nano 16GB (7th Generation)with... contains ipod]]>
    </line>
    <line>
      <![CDATA[Apple iPod shuffle 2GB MP3 Player - Green... contains ipod]]>
    </line>
    <line>
      <![CDATA[Apple iPod Nano 16GB (7th Generation)with... contains ipod]]>
    </line>
    <line>
      <![CDATA[Apple iPod shuffle 2GB MP3 Player - Pink (MD773LL/A) contains ipod]]>
    </line>
    <line>
      <![CDATA[Apple iPod Nano 16GB (7th Generation) - Pink... contains ipod]]>
    </line>
    <line>
      <![CDATA[Apple iPod Touch 16GB MP3 Player (5th Generation) - ... contains ipod]]>
    </line>
    <line>
      <![CDATA[Apple iPod Nano 16GB (7th Generation)with... contains ipod]]>
    </line>
    <line>
      <![CDATA[Apple iPod touch 64GB MP3 Player (5th Generation)-... contains ipod]]>
    </line>
    <line>
      <![CDATA[Apple iPod Nano 16GB (7th Generation)with... contains ipod]]>
    </line>
    <line>
      <![CDATA[Apple iPod Touch 64GB MP3 Player (5th Generation)-... contains ipod]]>
    </line>
    <line>
      <![CDATA[Apple iPod shuffle 2GB MP3 Player - Yellow... contains ipod]]>
    </line>
    <line>
      <![CDATA[Apple iPod nano 16GB (7th generation) Collection -... contains ipod]]>
    </line>
    <line>
      <![CDATA[Apple iPod Touch 32GB MP3 Player (5th... contains ipod]]>
    </line>
    <line>
      <![CDATA[RCA 4GB MP3 Player - Black (TH1914) does not contain ipod]]>
    </line>
    <line>
      <![CDATA[Apple iPod Touch 32GB MP3 Player (5th Generation)-... contains ipod]]>
    </line>
    <line>
      <![CDATA[Apple iPod Touch 64GB MP3 Player (5th Generation)-... contains ipod]]>
    </line>
    <line>
      <![CDATA[Apple iPod Touch 64GB MP3 Player (5th Generation)-... contains ipod]]>
    </line>
    <line>
      <![CDATA[Apple iPod Touch 64GB MP3 Player (5th Generation)-... contains ipod]]>
    </line>
    <line>
      <![CDATA[Apple iPod classic 160GB MP3 Player (7th Generation)... contains ipod]]>
    </line>
    <line>
      <![CDATA[RCA 4 GB MP3 Player with Built-in USB and Removable ... does not contain ipod]]>
    </line>
    <line>
      <![CDATA[Apple iPod touch 16GB MP3 Player - Assorted Colors contains ipod]]>
    </line>
    <line>
      <![CDATA[Mach Speed 4GB 180G2 Flash MP3 Player - Purple... does not contain ipod]]>
    </line>
    <line>
      <![CDATA[RCA MP3 FM Player Color Video 4-GB does not contain ipod]]>
    </line>
    <line>
      <![CDATA[MP4 Media Player (MT863S) does not contain ipod]]>
    </line>
    <line>
      <![CDATA[Mach Speed 4GB 180G2 Flash MP3 Player - Red... does not contain ipod]]>
    </line>
    <line>
      <![CDATA[SanDisk Sansa Clip Zip 8GB MP3 Player - Black... does not contain ipod]]>
    </line>
    <line>
      <![CDATA[SanDisk Sansa Clip Zip 4GB MP3 Player - Purple... does not contain ipod]]>
    </line>
    <line>
      <![CDATA[SanDisk Sansa Clip Zip 4GB MP3 Player - Blue... does not contain ipod]]>
    </line>
    <line>
      <![CDATA[Mach Speed 4GB 2.8V Flash MP3 Player - Purple... does not contain ipod]]>
    </line>
    <line>
      <![CDATA[Hello Kitty MP3 Player - Multicolor (50009-TA) does not contain ipod]]>
    </line>
    <line>
      <![CDATA[SanDisk Sansa Clip Zip 4GB MP3 Player - Red... does not contain ipod]]>
    </line>
    <line>
      <![CDATA[SanDisk Sansa Clip Zip 4GB MP3 Player - Gray... does not contain ipod]]>
    </line>
    <line>
      <![CDATA[GPX 2GB Flash MP3 Player (MW240P) - Pink does not contain ipod]]>
    </line>
    <line>
      <![CDATA[SanDisk Sansa Clip Zip 8GB MP3 Player - Grey... does not contain ipod]]>
    </line>
    <line>
      <![CDATA[SanDisk Sansa Clip Zip 4GB MP3 Player - Orange... does not contain ipod]]>
    </line>
    <line>
      <![CDATA[Mach Speed 4GB 2.8V Flash MP3 Player - Gunmetal... does not contain ipod]]>
    </line>
    <line>
      <![CDATA[SanDisk Sansa Clip Zip 4GB MP3 Player - Black... does not contain ipod]]>
    </line>
    <line>
      <![CDATA[Mach Speed 4GB 180G2 Flash MP3 Player - Blue... does not contain ipod]]>
    </line>
    <line>
      <![CDATA[Latte Ice 16GB Flash MP3 Player (LP-ICE16GBSLV) with... does not contain ipod]]>
    </line>
    <line>
      <![CDATA[Mach Speed Trio 8GB Flash MP3 Player (TRIO-T4300HD) ... does not contain ipod]]>
    </line>
    <line>
      <![CDATA[Mach Speed 4GB 180G2 Flash MP3 Player - Gunmetal... does not contain ipod]]>
    </line>
    <line>
      <![CDATA[Eclipse CLD 2GB Flash MP3 Player (ECLIPSE-CLD2TL) - ... does not contain ipod]]>
    </line>
    <line>
      <![CDATA[Audiovox iPod Clock Radio - White (CR8030iE5) contains ipod]]>
    </line>
    <line>
      <![CDATA[Griffin Survivor Case for iPod Touch 5th Generation ... contains ipod]]>
    </line>
    <line>
      <![CDATA[Scosche Goose FMTD3 Neck FM Transmitter with Digital... does not contain ipod]]>
    </line>
    <line>
      <![CDATA[Griffin Technology Survivor iPod touch 5th... contains ipod]]>
    </line>
    <line>
      <![CDATA[Belkin Shield Case for iPod touch 5th generation -... contains ipod]]>
    </line>
    <line>
      <![CDATA[Belkin iPod Touch Easefit Armband - Black... contains ipod]]>
    </line>
    <line>
      <![CDATA[Agent18 iPod Touch 5th Generation Case Celebration -... contains ipod]]>
    </line>
    <line>
      <![CDATA[Sony Speaker Dock for iPod/iPhone - Black... contains ipod]]>
    </line>
    <line>
      <![CDATA[cart container2  found]]>
    </line>
    <line>
      <![CDATA[The ipodlist2 in page 2 size is: 60]]>
    </line>
    <line>
      <![CDATA[Container with Laptoplist size is:9]]>
    </line>
    <line>
      <![CDATA[The random list selection is:6]]>
    </line>
    <line>
      <![CDATA[The size of social link container is:6]]>
    </line>
    <line>
      <![CDATA[google plus ]]>
    </line>
    <line>
      <![CDATA[https://accounts.google.com/ServiceLogin?service=oz&passive=1209600&continue=https://plus.google.com/share?url%3Dhttp://www.target.com/p/acer-15-slim-laptop-pc-e5-511p-p1qh-with-1tb-hard-drive-4gb-memory-black/-/A-15706129%2523prodSlot%253Dmedium_1_7%26gpsrc%3Dframeless&btmpl=popup]]>
    </line>
    <line>
      <![CDATA[twitter]]>
    </line>
    <line>
      <![CDATA[https://twitter.com/login?redirect_after_login=%2Fhome%3Fstatus%3DAcer%25C2%25AE%2B15%2522%2BSlim%2BLaptop%2BPC%2B%2528E5-511P-P1QH%2529%2Bwith%2B1TB%2BHard%2BDrive%252C%2B4GB%2BMemory%2B-%2BBlack...%2520http%3A%2F%2Fwww.target.com%2Fp%2Facer-15-slim-laptop-pc-e5-511p-p1qh-with-1tb-hard-drive-4gb-memory-black%2F-%2FA-15706129]]>
    </line>
    <line>
      <![CDATA[pin it ]]>
    </line>
    <line>
      <![CDATA[https://www.pinterest.com/join/?next=/pin/create/button/%3Furl%3Dhttp%3A//www.target.com%3A80/p/acer-15-slim-laptop-pc-e5-511p-p1qh-with-1tb-hard-drive-4gb-memory-black/-/A-15706129%26ref%3Dhttp%3A//www.target.com%3A80/p/acer-15-slim-laptop-pc-e5-511p-p1qh-with-1tb-hard-drive-4gb-memory-black/-/A-15706129%26media%3Dhttp%3A//Img2.targetimg2.com/wcsstore/TargetSAS//img/p/15/70/15706129_201409130924.jpg%26layout%3Dvertical%26description%3DAcer%25C2%25AE%2B15]]>
    </line>
  </reporter-output>
  <suite name="suite1" duration-ms="621032" started-at="2014-09-22T10:06:47Z" finished-at="2014-09-22T10:17:08Z">
    <groups>
    </groups>
    <test name="header Test" duration-ms="621032" started-at="2014-09-22T10:06:47Z" finished-at="2014-09-22T10:17:08Z">
      <class name="tests.sharelinksTest">
        <test-method status="PASS" signature="beforeMethod()[pri:0, instance:tests.sharelinksTest@eb3f66]" name="beforeMethod" is-config="true" duration-ms="9991" started-at="2014-09-22T15:45:04Z" finished-at="2014-09-22T15:45:14Z">
          <reporter-output>
          </reporter-output>
        </test-method> <!-- beforeMethod -->
        <test-method status="PASS" signature="targetSharelinks()[pri:0, instance:tests.sharelinksTest@eb3f66]" name="targetSharelinks" duration-ms="113939" started-at="2014-09-22T15:45:14Z" finished-at="2014-09-22T15:47:08Z">
          <reporter-output>
            <line>
              <![CDATA[Container with Laptoplist size is:9]]>
            </line>
            <line>
              <![CDATA[The random list selection is:6]]>
            </line>
            <line>
              <![CDATA[The size of social link container is:6]]>
            </line>
            <line>
              <![CDATA[google plus ]]>
            </line>
            <line>
              <![CDATA[https://accounts.google.com/ServiceLogin?service=oz&passive=1209600&continue=https://plus.google.com/share?url%3Dhttp://www.target.com/p/acer-15-slim-laptop-pc-e5-511p-p1qh-with-1tb-hard-drive-4gb-memory-black/-/A-15706129%2523prodSlot%253Dmedium_1_7%26gpsrc%3Dframeless&btmpl=popup]]>
            </line>
            <line>
              <![CDATA[twitter]]>
            </line>
            <line>
              <![CDATA[https://twitter.com/login?redirect_after_login=%2Fhome%3Fstatus%3DAcer%25C2%25AE%2B15%2522%2BSlim%2BLaptop%2BPC%2B%2528E5-511P-P1QH%2529%2Bwith%2B1TB%2BHard%2BDrive%252C%2B4GB%2BMemory%2B-%2BBlack...%2520http%3A%2F%2Fwww.target.com%2Fp%2Facer-15-slim-laptop-pc-e5-511p-p1qh-with-1tb-hard-drive-4gb-memory-black%2F-%2FA-15706129]]>
            </line>
            <line>
              <![CDATA[pin it ]]>
            </line>
            <line>
              <![CDATA[https://www.pinterest.com/join/?next=/pin/create/button/%3Furl%3Dhttp%3A//www.target.com%3A80/p/acer-15-slim-laptop-pc-e5-511p-p1qh-with-1tb-hard-drive-4gb-memory-black/-/A-15706129%26ref%3Dhttp%3A//www.target.com%3A80/p/acer-15-slim-laptop-pc-e5-511p-p1qh-with-1tb-hard-drive-4gb-memory-black/-/A-15706129%26media%3Dhttp%3A//Img2.targetimg2.com/wcsstore/TargetSAS//img/p/15/70/15706129_201409130924.jpg%26layout%3Dvertical%26description%3DAcer%25C2%25AE%2B15]]>
            </line>
          </reporter-output>
        </test-method> <!-- targetSharelinks -->
        <test-method status="PASS" signature="afterMethod()[pri:0, instance:tests.sharelinksTest@eb3f66]" name="afterMethod" is-config="true" duration-ms="0" started-at="2014-09-22T15:47:08Z" finished-at="2014-09-22T15:47:08Z">
          <reporter-output>
          </reporter-output>
        </test-method> <!-- afterMethod -->
      </class> <!-- tests.sharelinksTest -->
      <class name="tests.headerTest">
        <test-method status="PASS" signature="beforeMethod()[pri:0, instance:tests.headerTest@16dd645]" name="beforeMethod" is-config="true" duration-ms="11100" started-at="2014-09-22T15:37:53Z" finished-at="2014-09-22T15:38:04Z">
          <reporter-output>
          </reporter-output>
        </test-method> <!-- beforeMethod -->
        <test-method status="PASS" signature="targetHeader()[pri:0, instance:tests.headerTest@16dd645]" name="targetHeader" duration-ms="198614" started-at="2014-09-22T15:38:04Z" finished-at="2014-09-22T15:41:22Z">
          <reporter-output>
            <line>
              <![CDATA[The size of header list is:7]]>
            </line>
            <line>
              <![CDATA[The current url of the clicked header link is:https://www-secure.target.com/EverestLoginView?langId=-1&storeId=10151&catalogId=10051&lnk=gnav_signin]]>
            </line>
            <line>
              <![CDATA[The current url of the clicked header link is:http://www.target.com/store-locator/find-stores#?lnk=gnav_findastore]]>
            </line>
            <line>
              <![CDATA[The current url of the clicked header link is:http://weeklyad.target.com/minneapolis-mn-55403/homepage#?lnk=gnav_weeklyad]]>
            </line>
            <line>
              <![CDATA[The current url of the clicked header link is:http://www.target.com/c/giftcards/-/N-5xsxu#?lnk=gnav_giftcards]]>
            </line>
            <line>
              <![CDATA[The current url of the clicked header link is:http://www.target.com/np/registry/-/N-56cy8#?lnk=gnav_registries]]>
            </line>
            <line>
              <![CDATA[The current url of the clicked header link is:http://www.target.com/np/target-list-portal/-/N-55z0c?registryType=L&placementAreas=1&placementType_0=home_page.right_rail_1&pageType=home_page&lnk=gnav_targetlists]]>
            </line>
            <line>
              <![CDATA[Searching open red card links  found]]>
            </line>
          </reporter-output>
        </test-method> <!-- targetHeader -->
        <test-method status="PASS" signature="afterMethod()[pri:0, instance:tests.headerTest@16dd645]" name="afterMethod" is-config="true" duration-ms="0" started-at="2014-09-22T15:41:22Z" finished-at="2014-09-22T15:41:22Z">
          <reporter-output>
          </reporter-output>
        </test-method> <!-- afterMethod -->
      </class> <!-- tests.headerTest -->
      <class name="tests.searchitemTest">
        <test-method status="PASS" signature="beforeMethod()[pri:0, instance:tests.searchitemTest@e54f3]" name="beforeMethod" is-config="true" duration-ms="10226" started-at="2014-09-22T15:43:25Z" finished-at="2014-09-22T15:43:35Z">
          <reporter-output>
          </reporter-output>
        </test-method> <!-- beforeMethod -->
        <test-method status="PASS" signature="searchIpod()[pri:0, instance:tests.searchitemTest@e54f3]" name="searchIpod" duration-ms="89494" started-at="2014-09-22T15:43:35Z" finished-at="2014-09-22T15:45:04Z">
          <reporter-output>
            <line>
              <![CDATA[The ipodlist1 in page one size is: 60]]>
            </line>
            <line>
              <![CDATA[Apple iPod Touch 32GB MP3 Player (5th Generation)-... contains ipod]]>
            </line>
            <line>
              <![CDATA[Apple iPod touch 32GB MP3 Player (5th Generation)-... contains ipod]]>
            </line>
            <line>
              <![CDATA[Apple iPod shuffle 2GB MP3 Player - Space Gray... contains ipod]]>
            </line>
            <line>
              <![CDATA[Apple iPod Touch 32GB MP3 Player (5th Generation)-... contains ipod]]>
            </line>
            <line>
              <![CDATA[Apple iPod shuffle 2GB MP3 Player - Blue (MD775LL/A) contains ipod]]>
            </line>
            <line>
              <![CDATA[Apple iPod nano 16GB (7th Generation)with... contains ipod]]>
            </line>
            <line>
              <![CDATA[Apple iPod shuffle 2GB MP3 Player - Silver... contains ipod]]>
            </line>
            <line>
              <![CDATA[Apple iPod Touch 32GB MP3 Player (5th Generation)-... contains ipod]]>
            </line>
            <line>
              <![CDATA[Apple iPod Nano 16GB (7th Generation)with... contains ipod]]>
            </line>
            <line>
              <![CDATA[Apple iPod shuffle 2GB MP3 Player - Purple... contains ipod]]>
            </line>
            <line>
              <![CDATA[Apple iPod Nano 16GB (7th Generation)with... contains ipod]]>
            </line>
            <line>
              <![CDATA[Apple iPod shuffle 2GB MP3 Player - Green... contains ipod]]>
            </line>
            <line>
              <![CDATA[Apple iPod Nano 16GB (7th Generation)with... contains ipod]]>
            </line>
            <line>
              <![CDATA[Apple iPod shuffle 2GB MP3 Player - Pink (MD773LL/A) contains ipod]]>
            </line>
            <line>
              <![CDATA[Apple iPod Nano 16GB (7th Generation) - Pink... contains ipod]]>
            </line>
            <line>
              <![CDATA[Apple iPod Touch 16GB MP3 Player (5th Generation) - ... contains ipod]]>
            </line>
            <line>
              <![CDATA[Apple iPod Nano 16GB (7th Generation)with... contains ipod]]>
            </line>
            <line>
              <![CDATA[Apple iPod touch 64GB MP3 Player (5th Generation)-... contains ipod]]>
            </line>
            <line>
              <![CDATA[Apple iPod Nano 16GB (7th Generation)with... contains ipod]]>
            </line>
            <line>
              <![CDATA[Apple iPod Touch 64GB MP3 Player (5th Generation)-... contains ipod]]>
            </line>
            <line>
              <![CDATA[Apple iPod shuffle 2GB MP3 Player - Yellow... contains ipod]]>
            </line>
            <line>
              <![CDATA[Apple iPod nano 16GB (7th generation) Collection -... contains ipod]]>
            </line>
            <line>
              <![CDATA[Apple iPod Touch 32GB MP3 Player (5th... contains ipod]]>
            </line>
            <line>
              <![CDATA[RCA 4GB MP3 Player - Black (TH1914) does not contain ipod]]>
            </line>
            <line>
              <![CDATA[Apple iPod Touch 32GB MP3 Player (5th Generation)-... contains ipod]]>
            </line>
            <line>
              <![CDATA[Apple iPod Touch 64GB MP3 Player (5th Generation)-... contains ipod]]>
            </line>
            <line>
              <![CDATA[Apple iPod Touch 64GB MP3 Player (5th Generation)-... contains ipod]]>
            </line>
            <line>
              <![CDATA[Apple iPod Touch 64GB MP3 Player (5th Generation)-... contains ipod]]>
            </line>
            <line>
              <![CDATA[Apple iPod classic 160GB MP3 Player (7th Generation)... contains ipod]]>
            </line>
            <line>
              <![CDATA[RCA 4 GB MP3 Player with Built-in USB and Removable ... does not contain ipod]]>
            </line>
            <line>
              <![CDATA[Apple iPod touch 16GB MP3 Player - Assorted Colors contains ipod]]>
            </line>
            <line>
              <![CDATA[Mach Speed 4GB 180G2 Flash MP3 Player - Purple... does not contain ipod]]>
            </line>
            <line>
              <![CDATA[RCA MP3 FM Player Color Video 4-GB does not contain ipod]]>
            </line>
            <line>
              <![CDATA[MP4 Media Player (MT863S) does not contain ipod]]>
            </line>
            <line>
              <![CDATA[Mach Speed 4GB 180G2 Flash MP3 Player - Red... does not contain ipod]]>
            </line>
            <line>
              <![CDATA[SanDisk Sansa Clip Zip 8GB MP3 Player - Black... does not contain ipod]]>
            </line>
            <line>
              <![CDATA[SanDisk Sansa Clip Zip 4GB MP3 Player - Purple... does not contain ipod]]>
            </line>
            <line>
              <![CDATA[SanDisk Sansa Clip Zip 4GB MP3 Player - Blue... does not contain ipod]]>
            </line>
            <line>
              <![CDATA[Mach Speed 4GB 2.8V Flash MP3 Player - Purple... does not contain ipod]]>
            </line>
            <line>
              <![CDATA[Hello Kitty MP3 Player - Multicolor (50009-TA) does not contain ipod]]>
            </line>
            <line>
              <![CDATA[SanDisk Sansa Clip Zip 4GB MP3 Player - Red... does not contain ipod]]>
            </line>
            <line>
              <![CDATA[SanDisk Sansa Clip Zip 4GB MP3 Player - Gray... does not contain ipod]]>
            </line>
            <line>
              <![CDATA[GPX 2GB Flash MP3 Player (MW240P) - Pink does not contain ipod]]>
            </line>
            <line>
              <![CDATA[SanDisk Sansa Clip Zip 8GB MP3 Player - Grey... does not contain ipod]]>
            </line>
            <line>
              <![CDATA[SanDisk Sansa Clip Zip 4GB MP3 Player - Orange... does not contain ipod]]>
            </line>
            <line>
              <![CDATA[Mach Speed 4GB 2.8V Flash MP3 Player - Gunmetal... does not contain ipod]]>
            </line>
            <line>
              <![CDATA[SanDisk Sansa Clip Zip 4GB MP3 Player - Black... does not contain ipod]]>
            </line>
            <line>
              <![CDATA[Mach Speed 4GB 180G2 Flash MP3 Player - Blue... does not contain ipod]]>
            </line>
            <line>
              <![CDATA[Latte Ice 16GB Flash MP3 Player (LP-ICE16GBSLV) with... does not contain ipod]]>
            </line>
            <line>
              <![CDATA[Mach Speed Trio 8GB Flash MP3 Player (TRIO-T4300HD) ... does not contain ipod]]>
            </line>
            <line>
              <![CDATA[Mach Speed 4GB 180G2 Flash MP3 Player - Gunmetal... does not contain ipod]]>
            </line>
            <line>
              <![CDATA[Eclipse CLD 2GB Flash MP3 Player (ECLIPSE-CLD2TL) - ... does not contain ipod]]>
            </line>
            <line>
              <![CDATA[Audiovox iPod Clock Radio - White (CR8030iE5) contains ipod]]>
            </line>
            <line>
              <![CDATA[Griffin Survivor Case for iPod Touch 5th Generation ... contains ipod]]>
            </line>
            <line>
              <![CDATA[Scosche Goose FMTD3 Neck FM Transmitter with Digital... does not contain ipod]]>
            </line>
            <line>
              <![CDATA[Griffin Technology Survivor iPod touch 5th... contains ipod]]>
            </line>
            <line>
              <![CDATA[Belkin Shield Case for iPod touch 5th generation -... contains ipod]]>
            </line>
            <line>
              <![CDATA[Belkin iPod Touch Easefit Armband - Black... contains ipod]]>
            </line>
            <line>
              <![CDATA[Agent18 iPod Touch 5th Generation Case Celebration -... contains ipod]]>
            </line>
            <line>
              <![CDATA[Sony Speaker Dock for iPod/iPhone - Black... contains ipod]]>
            </line>
            <line>
              <![CDATA[cart container2  found]]>
            </line>
            <line>
              <![CDATA[The ipodlist2 in page 2 size is: 60]]>
            </line>
          </reporter-output>
        </test-method> <!-- searchIpod -->
        <test-method status="PASS" signature="afterMethod()[pri:0, instance:tests.searchitemTest@e54f3]" name="afterMethod" is-config="true" duration-ms="0" started-at="2014-09-22T15:45:04Z" finished-at="2014-09-22T15:45:04Z">
          <reporter-output>
          </reporter-output>
        </test-method> <!-- afterMethod -->
      </class> <!-- tests.searchitemTest -->
      <class name="tests.footerTest">
        <test-method status="PASS" signature="beforeMethod()[pri:0, instance:tests.footerTest@d7cf62]" name="beforeMethod" is-config="true" duration-ms="12041" started-at="2014-09-22T15:36:47Z" finished-at="2014-09-22T15:36:59Z">
          <reporter-output>
          </reporter-output>
        </test-method> <!-- beforeMethod -->
        <test-method status="PASS" signature="targetfooter()[pri:0, instance:tests.footerTest@d7cf62]" name="targetfooter" duration-ms="53368" started-at="2014-09-22T15:36:59Z" finished-at="2014-09-22T15:37:53Z">
          <reporter-output>
            <line>
              <![CDATA[The size of Footer list is:6]]>
            </line>
            <line>
              <![CDATA[current url is: http://www.target.com/#30#?lnk=fnav_t_spc_2_3&intc=28073|null]]>
            </line>
            <line>
              <![CDATA[This footerlinks navigated to the correct site]]>
            </line>
            <line>
              <![CDATA[current url is: http://www.target.com/#31#?lnk=fnav_t_spc_2_4&intc=28073|null]]>
            </line>
            <line>
              <![CDATA[This footerlinks navigated to the correct site]]>
            </line>
            <line>
              <![CDATA[current url is: http://www.target.com/#32#?lnk=fnav_t_spc_2_5&intc=28073|null]]>
            </line>
            <line>
              <![CDATA[This footerlinks navigated to the correct site]]>
            </line>
            <line>
              <![CDATA[current url is: http://www.target.com/#33#?lnk=fnav_t_spc_2_6&intc=28073|null]]>
            </line>
            <line>
              <![CDATA[This footerlinks navigated to the correct site]]>
            </line>
            <line>
              <![CDATA[current url is: http://help.target.com/help/subcategoryarticle?childcat=CA+Transparency+in+Supply+Chains+Act&parentcat=Compliance#&lnk=fnav_t_spc_2_7&intc=28073|null]]>
            </line>
            <line>
              <![CDATA[This footerlinks navigated to the correct site]]>
            </line>
            <line>
              <![CDATA[current url is: http://help.target.com/help/subcategoryarticle?childcat=CA+Transparency+in+Supply+Chains+Act&parentcat=Compliance#&lnk=fnav_t_spc_2_7&intc=28073|null]]>
            </line>
            <line>
              <![CDATA[this footer links naviagted to wrong site]]>
            </line>
          </reporter-output>
        </test-method> <!-- targetfooter -->
        <test-method status="PASS" signature="afterMethod()[pri:0, instance:tests.footerTest@d7cf62]" name="afterMethod" is-config="true" duration-ms="0" started-at="2014-09-22T15:37:53Z" finished-at="2014-09-22T15:37:53Z">
          <reporter-output>
          </reporter-output>
        </test-method> <!-- afterMethod -->
      </class> <!-- tests.footerTest -->
      <class name="tests.registerloginTest">
        <test-method status="PASS" signature="intialize()[pri:0, instance:tests.registerloginTest@844689]" name="intialize" is-config="true" duration-ms="192" started-at="2014-09-22T15:36:47Z" finished-at="2014-09-22T15:36:47Z">
          <reporter-output>
          </reporter-output>
        </test-method> <!-- intialize -->
        <test-method status="PASS" signature="beforeMethod()[pri:0, instance:tests.registerloginTest@844689]" name="beforeMethod" is-config="true" duration-ms="10462" started-at="2014-09-22T15:41:22Z" finished-at="2014-09-22T15:41:33Z">
          <reporter-output>
          </reporter-output>
        </test-method> <!-- beforeMethod -->
        <test-method status="PASS" signature="login()[pri:0, instance:tests.registerloginTest@844689]" name="login" duration-ms="62743" started-at="2014-09-22T15:41:33Z" finished-at="2014-09-22T15:42:36Z">
          <reporter-output>
            <line>
              <![CDATA[login successfull with credentials of Sree]]>
            </line>
          </reporter-output>
        </test-method> <!-- login -->
        <test-method status="PASS" signature="afterMethod()[pri:0, instance:tests.registerloginTest@844689]" name="afterMethod" is-config="true" duration-ms="1" started-at="2014-09-22T15:42:36Z" finished-at="2014-09-22T15:42:36Z">
          <reporter-output>
          </reporter-output>
        </test-method> <!-- afterMethod -->
        <test-method status="PASS" signature="beforeMethod()[pri:0, instance:tests.registerloginTest@844689]" name="beforeMethod" is-config="true" duration-ms="11120" started-at="2014-09-22T15:42:36Z" finished-at="2014-09-22T15:42:47Z">
          <reporter-output>
          </reporter-output>
        </test-method> <!-- beforeMethod -->
        <test-method status="FAIL" signature="register()[pri:0, instance:tests.registerloginTest@844689]" name="register" duration-ms="37915" started-at="2014-09-22T15:42:47Z" finished-at="2014-09-22T15:43:25Z">
          <exception class="java.lang.AssertionError">
            <message>
              <![CDATA[firstname field not found]]>
            </message>
            <full-stacktrace>
              <![CDATA[java.lang.AssertionError: firstname field not found
	at org.testng.Assert.fail(Assert.java:94)
	at tests.registerloginTest.register(registerloginTest.java:33)
	at sun.reflect.NativeMethodAccessorImpl.invoke0(Native Method)
	at sun.reflect.NativeMethodAccessorImpl.invoke(NativeMethodAccessorImpl.java:57)
	at sun.reflect.DelegatingMethodAccessorImpl.invoke(DelegatingMethodAccessorImpl.java:43)
	at java.lang.reflect.Method.invoke(Method.java:606)
	at org.testng.internal.MethodInvocationHelper.invokeMethod(MethodInvocationHelper.java:84)
	at org.testng.internal.Invoker.invokeMethod(Invoker.java:714)
	at org.testng.internal.Invoker.invokeTestMethod(Invoker.java:901)
	at org.testng.internal.Invoker.invokeTestMethods(Invoker.java:1231)
	at org.testng.internal.TestMethodWorker.invokeTestMethods(TestMethodWorker.java:127)
	at org.testng.internal.TestMethodWorker.run(TestMethodWorker.java:111)
	at org.testng.TestRunner.privateRun(TestRunner.java:767)
	at org.testng.TestRunner.run(TestRunner.java:617)
	at org.testng.SuiteRunner.runTest(SuiteRunner.java:334)
	at org.testng.SuiteRunner.runSequentially(SuiteRunner.java:329)
	at org.testng.SuiteRunner.privateRun(SuiteRunner.java:291)
	at org.testng.SuiteRunner.run(SuiteRunner.java:240)
	at org.testng.SuiteRunnerWorker.runSuite(SuiteRunnerWorker.java:52)
	at org.testng.SuiteRunnerWorker.run(SuiteRunnerWorker.java:86)
	at org.testng.TestNG.runSuitesSequentially(TestNG.java:1224)
	at org.testng.TestNG.runSuitesLocally(TestNG.java:1149)
	at org.testng.TestNG.run(TestNG.java:1057)
	at org.testng.TestNG.privateMain(TestNG.java:1364)
	at org.testng.TestNG.main(TestNG.java:1333)
]]>
            </full-stacktrace>
          </exception> <!-- java.lang.AssertionError -->
          <reporter-output>
          </reporter-output>
        </test-method> <!-- register -->
        <test-method status="PASS" signature="afterMethod()[pri:0, instance:tests.registerloginTest@844689]" name="afterMethod" is-config="true" duration-ms="0" started-at="2014-09-22T15:43:25Z" finished-at="2014-09-22T15:43:25Z">
          <reporter-output>
          </reporter-output>
        </test-method> <!-- afterMethod -->
      </class> <!-- tests.registerloginTest -->
    </test> <!-- header Test -->
  </suite> <!-- suite1 -->
</testng-results>
